<?xml version="1.0" encoding="UTF-8"?>
<!-- Generated by org.testng.reporters.JUnitXMLReporter -->
<testsuite hostname="IN5CG5130D5Q" ignored="0" name="Test" tests="4" failures="0" timestamp="19 Oct 2018 18:04:15 GMT" time="132.155" errors="0">
  <testcase name="testValidLogin" time="7.335" classname="script.ValidLogin"/>
  <testcase name="testValidLogin" time="3.138" classname="script.ValidLogin"/>
  <testcase name="testValidLogin" time="4.061" classname="script.ValidLogin"/>
  <testcase name="testValidLogin" time="6.76" classname="script.ValidLogin"/>
</testsuite> <!-- Test -->
